0 silly input []
1 silly flags { _: [ 'bootstrap' ],
1 silly flags   'reject-cycles': false,
1 silly flags   rejectCycles: false,
1 silly flags   args: [] }
2 verbose rootPath C:\Users\mamos\WebstormProjects\html5-training
3 info version 2.8.0
4 silly existsSync C:\Users\mamos\WebstormProjects\html5-training\VERSION
5 silly initialize attempt
6 silly npmConfig { registry: undefined,
6 silly npmConfig   npmClient: undefined,
6 silly npmConfig   npmClientArgs: undefined,
6 silly npmConfig   mutex: undefined }
7 silly initialize success
8 silly execute attempt
9 info Bootstrapping 1 packages
10 info lifecycle preinstall
11 silly runScript preinstall bitcoin-exchange-server
12 silly bitcoin-exchange-server
13 silly hasDependencyInstalled bitcoin-exchange-server gulp
14 silly dependencyIsSatisfied [ 'gulp',
14 silly dependencyIsSatisfied   '^3.9.1',
14 silly dependencyIsSatisfied   'C:\\Users\\mamos\\WebstormProjects\\html5-training\\server\\node_modules' ]
15 verbose dependencyIsSatisfied gulp false
16 silly hasDependencyInstalled bitcoin-exchange-server benchmark
17 silly dependencyIsSatisfied [ 'benchmark',
17 silly dependencyIsSatisfied   '^2.1.4',
17 silly dependencyIsSatisfied   'C:\\Users\\mamos\\WebstormProjects\\html5-training\\server\\node_modules' ]
18 verbose dependencyIsSatisfied benchmark false
19 silly hasDependencyInstalled bitcoin-exchange-server gulp-benchmark
20 silly dependencyIsSatisfied [ 'gulp-benchmark',
20 silly dependencyIsSatisfied   '^1.1.1',
20 silly dependencyIsSatisfied   'C:\\Users\\mamos\\WebstormProjects\\html5-training\\server\\node_modules' ]
21 verbose dependencyIsSatisfied gulp-benchmark false
22 silly hasDependencyInstalled bitcoin-exchange-server gulp-eslint
23 silly dependencyIsSatisfied [ 'gulp-eslint',
23 silly dependencyIsSatisfied   '^4.0.2',
23 silly dependencyIsSatisfied   'C:\\Users\\mamos\\WebstormProjects\\html5-training\\server\\node_modules' ]
24 verbose dependencyIsSatisfied gulp-eslint false
25 silly hasDependencyInstalled bitcoin-exchange-server gulp-istanbul
26 silly dependencyIsSatisfied [ 'gulp-istanbul',
26 silly dependencyIsSatisfied   '^1.1.3',
26 silly dependencyIsSatisfied   'C:\\Users\\mamos\\WebstormProjects\\html5-training\\server\\node_modules' ]
27 verbose dependencyIsSatisfied gulp-istanbul false
28 silly hasDependencyInstalled bitcoin-exchange-server nyc
29 silly dependencyIsSatisfied [ 'nyc',
29 silly dependencyIsSatisfied   '^11.4.1',
29 silly dependencyIsSatisfied   'C:\\Users\\mamos\\WebstormProjects\\html5-training\\server\\node_modules' ]
30 verbose dependencyIsSatisfied nyc false
31 silly hasDependencyInstalled bitcoin-exchange-server microtime
32 silly dependencyIsSatisfied [ 'microtime',
32 silly dependencyIsSatisfied   '^2.1.7',
32 silly dependencyIsSatisfied   'C:\\Users\\mamos\\WebstormProjects\\html5-training\\server\\node_modules' ]
33 verbose dependencyIsSatisfied microtime false
34 silly hasDependencyInstalled bitcoin-exchange-server jasmine
35 silly dependencyIsSatisfied [ 'jasmine',
35 silly dependencyIsSatisfied   '^3.0.0',
35 silly dependencyIsSatisfied   'C:\\Users\\mamos\\WebstormProjects\\html5-training\\server\\node_modules' ]
36 verbose dependencyIsSatisfied jasmine false
37 silly hasDependencyInstalled bitcoin-exchange-server gulp-jasmine
38 silly dependencyIsSatisfied [ 'gulp-jasmine',
38 silly dependencyIsSatisfied   '^3.0.0',
38 silly dependencyIsSatisfied   'C:\\Users\\mamos\\WebstormProjects\\html5-training\\server\\node_modules' ]
39 verbose dependencyIsSatisfied gulp-jasmine false
40 silly hasDependencyInstalled bitcoin-exchange-server bitcoin-test
41 silly dependencyIsSatisfied [ 'bitcoin-test',
41 silly dependencyIsSatisfied   '^0.0.1',
41 silly dependencyIsSatisfied   'C:\\Users\\mamos\\WebstormProjects\\html5-training\\server\\node_modules' ]
42 verbose dependencyIsSatisfied bitcoin-test false
43 silly hasDependencyInstalled bitcoin-exchange-server istanbul
44 silly dependencyIsSatisfied [ 'istanbul',
44 silly dependencyIsSatisfied   '^0.4.5',
44 silly dependencyIsSatisfied   'C:\\Users\\mamos\\WebstormProjects\\html5-training\\server\\node_modules' ]
45 verbose dependencyIsSatisfied istanbul false
46 silly hasDependencyInstalled bitcoin-exchange-server socket.io-client
47 silly dependencyIsSatisfied [ 'socket.io-client',
47 silly dependencyIsSatisfied   '^1.4.4',
47 silly dependencyIsSatisfied   'C:\\Users\\mamos\\WebstormProjects\\html5-training\\server\\node_modules' ]
48 verbose dependencyIsSatisfied socket.io-client false
49 silly hasDependencyInstalled bitcoin-exchange-server elasticsearch
50 silly dependencyIsSatisfied [ 'elasticsearch',
50 silly dependencyIsSatisfied   '^14.1.0',
50 silly dependencyIsSatisfied   'C:\\Users\\mamos\\WebstormProjects\\html5-training\\server\\node_modules' ]
51 verbose dependencyIsSatisfied elasticsearch false
52 silly hasDependencyInstalled bitcoin-exchange-server morgan
53 silly dependencyIsSatisfied [ 'morgan',
53 silly dependencyIsSatisfied   '^1.9.0',
53 silly dependencyIsSatisfied   'C:\\Users\\mamos\\WebstormProjects\\html5-training\\server\\node_modules' ]
54 verbose dependencyIsSatisfied morgan false
55 silly hasDependencyInstalled bitcoin-exchange-server socket.io
56 silly dependencyIsSatisfied [ 'socket.io',
56 silly dependencyIsSatisfied   '^2.0.4',
56 silly dependencyIsSatisfied   'C:\\Users\\mamos\\WebstormProjects\\html5-training\\server\\node_modules' ]
57 verbose dependencyIsSatisfied socket.io false
58 silly hasDependencyInstalled bitcoin-exchange-server uuid
59 silly dependencyIsSatisfied [ 'uuid',
59 silly dependencyIsSatisfied   '^3.2.1',
59 silly dependencyIsSatisfied   'C:\\Users\\mamos\\WebstormProjects\\html5-training\\server\\node_modules' ]
60 verbose dependencyIsSatisfied uuid false
61 silly hasDependencyInstalled bitcoin-exchange-server winston
62 silly dependencyIsSatisfied [ 'winston',
62 silly dependencyIsSatisfied   '^2.4.0',
62 silly dependencyIsSatisfied   'C:\\Users\\mamos\\WebstormProjects\\html5-training\\server\\node_modules' ]
63 verbose dependencyIsSatisfied winston false
64 silly hasDependencyInstalled bitcoin-exchange-server winston-elasticsearch
65 silly dependencyIsSatisfied [ 'winston-elasticsearch',
65 silly dependencyIsSatisfied   '^0.5.6',
65 silly dependencyIsSatisfied   'C:\\Users\\mamos\\WebstormProjects\\html5-training\\server\\node_modules' ]
66 verbose dependencyIsSatisfied winston-elasticsearch false
67 silly hasDependencyInstalled bitcoin-exchange-server bitcoin-common
68 silly dependencyIsSatisfied [ 'bitcoin-common',
68 silly dependencyIsSatisfied   '^0.0.1',
68 silly dependencyIsSatisfied   'C:\\Users\\mamos\\WebstormProjects\\html5-training\\server\\node_modules' ]
69 verbose dependencyIsSatisfied bitcoin-common false
70 silly root dependencies []
71 silly leaf dependencies {
71 silly leaf dependencies   "bitcoin-exchange-server": [
71 silly leaf dependencies     {
71 silly leaf dependencies       "dependency": "gulp@^3.9.1",
71 silly leaf dependencies       "isSatisfied": false
71 silly leaf dependencies     },
71 silly leaf dependencies     {
71 silly leaf dependencies       "dependency": "benchmark@^2.1.4",
71 silly leaf dependencies       "isSatisfied": false
71 silly leaf dependencies     },
71 silly leaf dependencies     {
71 silly leaf dependencies       "dependency": "gulp-benchmark@^1.1.1",
71 silly leaf dependencies       "isSatisfied": false
71 silly leaf dependencies     },
71 silly leaf dependencies     {
71 silly leaf dependencies       "dependency": "gulp-eslint@^4.0.2",
71 silly leaf dependencies       "isSatisfied": false
71 silly leaf dependencies     },
71 silly leaf dependencies     {
71 silly leaf dependencies       "dependency": "gulp-istanbul@^1.1.3",
71 silly leaf dependencies       "isSatisfied": false
71 silly leaf dependencies     },
71 silly leaf dependencies     {
71 silly leaf dependencies       "dependency": "nyc@^11.4.1",
71 silly leaf dependencies       "isSatisfied": false
71 silly leaf dependencies     },
71 silly leaf dependencies     {
71 silly leaf dependencies       "dependency": "microtime@^2.1.7",
71 silly leaf dependencies       "isSatisfied": false
71 silly leaf dependencies     },
71 silly leaf dependencies     {
71 silly leaf dependencies       "dependency": "jasmine@^3.0.0",
71 silly leaf dependencies       "isSatisfied": false
71 silly leaf dependencies     },
71 silly leaf dependencies     {
71 silly leaf dependencies       "dependency": "gulp-jasmine@^3.0.0",
71 silly leaf dependencies       "isSatisfied": false
71 silly leaf dependencies     },
71 silly leaf dependencies     {
71 silly leaf dependencies       "dependency": "bitcoin-test@^0.0.1",
71 silly leaf dependencies       "isSatisfied": false
71 silly leaf dependencies     },
71 silly leaf dependencies     {
71 silly leaf dependencies       "dependency": "istanbul@^0.4.5",
71 silly leaf dependencies       "isSatisfied": false
71 silly leaf dependencies     },
71 silly leaf dependencies     {
71 silly leaf dependencies       "dependency": "socket.io-client@^1.4.4",
71 silly leaf dependencies       "isSatisfied": false
71 silly leaf dependencies     },
71 silly leaf dependencies     {
71 silly leaf dependencies       "dependency": "elasticsearch@^14.1.0",
71 silly leaf dependencies       "isSatisfied": false
71 silly leaf dependencies     },
71 silly leaf dependencies     {
71 silly leaf dependencies       "dependency": "morgan@^1.9.0",
71 silly leaf dependencies       "isSatisfied": false
71 silly leaf dependencies     },
71 silly leaf dependencies     {
71 silly leaf dependencies       "dependency": "socket.io@^2.0.4",
71 silly leaf dependencies       "isSatisfied": false
71 silly leaf dependencies     },
71 silly leaf dependencies     {
71 silly leaf dependencies       "dependency": "uuid@^3.2.1",
71 silly leaf dependencies       "isSatisfied": false
71 silly leaf dependencies     },
71 silly leaf dependencies     {
71 silly leaf dependencies       "dependency": "winston@^2.4.0",
71 silly leaf dependencies       "isSatisfied": false
71 silly leaf dependencies     },
71 silly leaf dependencies     {
71 silly leaf dependencies       "dependency": "winston-elasticsearch@^0.5.6",
71 silly leaf dependencies       "isSatisfied": false
71 silly leaf dependencies     },
71 silly leaf dependencies     {
71 silly leaf dependencies       "dependency": "bitcoin-common@^0.0.1",
71 silly leaf dependencies       "isSatisfied": false
71 silly leaf dependencies     }
71 silly leaf dependencies   ]
71 silly leaf dependencies }
72 info Installing external dependencies
73 verbose actions 1 actions, concurrency 4
74 silly installInDir server [ 'gulp@^3.9.1',
74 silly installInDir   'benchmark@^2.1.4',
74 silly installInDir   'gulp-benchmark@^1.1.1',
74 silly installInDir   'gulp-eslint@^4.0.2',
74 silly installInDir   'gulp-istanbul@^1.1.3',
74 silly installInDir   'nyc@^11.4.1',
74 silly installInDir   'microtime@^2.1.7',
74 silly installInDir   'jasmine@^3.0.0',
74 silly installInDir   'gulp-jasmine@^3.0.0',
74 silly installInDir   'bitcoin-test@^0.0.1',
74 silly installInDir   'istanbul@^0.4.5',
74 silly installInDir   'socket.io-client@^1.4.4',
74 silly installInDir   'elasticsearch@^14.1.0',
74 silly installInDir   'morgan@^1.9.0',
74 silly installInDir   'socket.io@^2.0.4',
74 silly installInDir   'uuid@^3.2.1',
74 silly installInDir   'winston@^2.4.0',
74 silly installInDir   'winston-elasticsearch@^0.5.6',
74 silly installInDir   'bitcoin-common@^0.0.1' ]
75 silly installInDir backup C:\Users\mamos\WebstormProjects\html5-training\server\package.json
76 silly rename [ 'C:\\Users\\mamos\\WebstormProjects\\html5-training\\server\\package.json',
76 silly rename   'C:\\Users\\mamos\\WebstormProjects\\html5-training\\server\\package.json.lerna_backup' ]
77 silly installInDir writing tempJson { dependencies:
77 silly installInDir    { gulp: '^3.9.1',
77 silly installInDir      benchmark: '^2.1.4',
77 silly installInDir      'gulp-benchmark': '^1.1.1',
77 silly installInDir      'gulp-eslint': '^4.0.2',
77 silly installInDir      'gulp-istanbul': '^1.1.3',
77 silly installInDir      nyc: '^11.4.1',
77 silly installInDir      microtime: '^2.1.7',
77 silly installInDir      jasmine: '^3.0.0',
77 silly installInDir      'gulp-jasmine': '^3.0.0',
77 silly installInDir      'bitcoin-test': '^0.0.1',
77 silly installInDir      istanbul: '^0.4.5',
77 silly installInDir      'socket.io-client': '^1.4.4',
77 silly installInDir      elasticsearch: '^14.1.0',
77 silly installInDir      morgan: '^1.9.0',
77 silly installInDir      'socket.io': '^2.0.4',
77 silly installInDir      uuid: '^3.2.1',
77 silly installInDir      winston: '^2.4.0',
77 silly installInDir      'winston-elasticsearch': '^0.5.6',
77 silly installInDir      'bitcoin-common': '^0.0.1' } }
78 silly getExecOpts { cwd: 'C:\\Users\\mamos\\WebstormProjects\\html5-training\\server' }
79 silly installInDir [ 'npm', [ 'install' ] ]
80 silly installInDir cleanup C:\Users\mamos\WebstormProjects\html5-training\server\package.json
81 silly renameSync [ 'C:\\Users\\mamos\\WebstormProjects\\html5-training\\server\\package.json.lerna_backup',
81 silly renameSync   'C:\\Users\\mamos\\WebstormProjects\\html5-training\\server\\package.json' ]
82 verbose installed leaf bitcoin-exchange-server
83 error execute callback with error
84 error Error: Command failed: npm install
84 error npm ERR! code E404
84 error npm ERR! 404 Not Found: bitcoin-test@^0.0.1
84 error
84 error npm ERR! A complete log of this run can be found in:
84 error npm ERR!     C:\Users\mamos\AppData\Roaming\npm-cache\_logs\2018-02-12T17_04_24_251Z-debug.log
84 error
84 error     at Promise.all.then.arr (C:\Users\mamos\AppData\Roaming\npm\node_modules\lerna\node_modules\execa\index.js:236:11)
84 error     at <anonymous>
